<?xml version="1.0" encoding="UTF-8"?>
<!-- Generated by org.testng.reporters.JUnitXMLReporter -->
<testsuite hostname="LAPTOP-RDKSQOER" ignored="0" name="Test" tests="2" failures="2" timestamp="2022-07-18T23:36:39 IST" time="42.133" errors="0">
  <testcase name="loginTestCase" time="3.326" classname="testCases.LoginTest">
    <failure type="java.lang.AssertionError" message="expected [My Accoun] but found [My Account]">
      <![CDATA[java.lang.AssertionError: expected [My Accoun] but found [My Account]
at config.UtilityPage.assertEquals(UtilityPage.java:44)
at pages.LoginPage.loginMethod(LoginPage.java:53)
at testCases.LoginTest.loginTestCase(LoginTest.java:21)
at java.util.ArrayList.forEach(ArrayList.java:1259)
... Removed 33 stack frames]]>
    </failure>
  </testcase> <!-- loginTestCase -->
  <testcase name="loginTestCase" time="12.793" classname="testCases.LoginTest">
    <failure type="java.lang.AssertionError" message="expected [My Accoun] but found [My Account]">
      <![CDATA[java.lang.AssertionError: expected [My Accoun] but found [My Account]
at config.UtilityPage.assertEquals(UtilityPage.java:44)
at pages.LoginPage.loginMethod(LoginPage.java:53)
at testCases.LoginTest.loginTestCase(LoginTest.java:21)
at java.util.ArrayList.forEach(ArrayList.java:1259)
... Removed 33 stack frames]]>
    </failure>
  </testcase> <!-- loginTestCase -->
</testsuite> <!-- Test -->
